utes ago in 4m 47s
2s
3s
2s
0s
0s
17s
2s
4m 19s
w: file:///home/runner/work/CodeLikeBastiMove/CodeLikeBastiMove/core/datastore/datastore/src/main/kotlin/com/scto/codelikebastimove/core/datastore/GitCredentialsStore.kt:15:15 'constructor(p0: @NonNull() Context): MasterKey.Builder' is deprecated. Deprecated in Java.
w: file:///home/runner/work/CodeLikeBastiMove/CodeLikeBastiMove/core/datastore/datastore/src/main/kotlin/com/scto/codelikebastimove/core/datastore/GitCredentialsStore.kt:15:45 'class MasterKey : Any' is deprecated. Deprecated in Java.
w: file:///home/runner/work/CodeLikeBastiMove/CodeLikeBastiMove/core/datastore/datastore/src/main/kotlin/com/scto/codelikebastimove/core/datastore/GitCredentialsStore.kt:15:55 'enum class KeyScheme : Enum<MasterKey.KeyScheme!>' is deprecated. Deprecated in Java.
w: file:///home/runner/work/CodeLikeBastiMove/CodeLikeBastiMove/core/datastore/datastore/src/main/kotlin/com/scto/codelikebastimove/core/datastore/GitCredentialsStore.kt:19:5 'class EncryptedSharedPreferences : Any, SharedPreferences' is deprecated. Deprecated in Java.
w: file:///home/runner/work/CodeLikeBastiMove/CodeLikeBastiMove/core/datastore/datastore/src/main/kotlin/com/scto/codelikebastimove/core/datastore/GitCredentialsStore.kt:23:7 'class EncryptedSharedPreferences : Any, SharedPreferences' is deprecated. Deprecated in Java.
w: file:///home/runner/work/CodeLikeBastiMove/CodeLikeBastiMove/core/datastore/datastore/src/main/kotlin/com/scto/codelikebastimove/core/datastore/GitCredentialsStore.kt:23:34 'enum class PrefKeyEncryptionScheme : Enum<EncryptedSharedPreferences.PrefKeyEncryptionScheme!>' is deprecated. Deprecated in Java.
w: file:///home/runner/work/CodeLikeBastiMove/CodeLikeBastiMove/core/datastore/datastore/src/main/kotlin/com/scto/codelikebastimove/core/datastore/GitCredentialsStore.kt:24:7 'class EncryptedSharedPreferences : Any, SharedPreferences' is deprecated. Deprecated in Java.
w: file:///home/runner/work/CodeLikeBastiMove/CodeLikeBastiMove/core/datastore/datastore/src/main/kotlin/com/scto/codelikebastimove/core/datastore/GitCredentialsStore.kt:24:34 'enum class PrefValueEncryptionScheme : Enum<EncryptedSharedPreferences.PrefValueEncryptionScheme!>' is deprecated. Deprecated in Java.
> Task :core:datastore:datastore:compileDebugJavaWithJavac NO-SOURCE
> Task :core:datastore:datastore:bundleLibCompileToJarDebug
> Task :core:actions:actions-api:compileJava NO-SOURCE
> Task :core:actions:actions-api:classes UP-TO-DATE
> Task :core:actions:actions-api:jar
> Task :feature:assetstudio:compileDebugKotlin FAILED
e: file:///home/runner/work/CodeLikeBastiMove/CodeLikeBastiMove/feature/assetstudio/src/main/kotlin/com/scto/codelikebastimove/feature/assetstudio/repository/IconRepository.kt:162:60 None of the following candidates is applicable:
val Icons.Filled.InsertDriveFile: ImageVector
val Icons.Outlined.InsertDriveFile: ImageVector
> Task :core:project-manager:compileDebugKotlin
e: file:///home/runner/work/CodeLikeBastiMove/CodeLikeBastiMove/feature/git/src/main/kotlin/com/scto/codelikebastimove/feature/git/ui/screens/GitScreen.kt:197:42 None of the following candidates is applicable:
val Icons.Filled.CallSplit: ImageVector
val Icons.Outlined.CallSplit: ImageVector
> Task :feature:git:compileDebugKotlin FAILED
e: file:///home/runner/work/CodeLikeBastiMove/CodeLikeBastiMove/feature/soraeditor/src/main/kotlin/com/scto/codelikebastimove/feature/soraeditor/widget/SoraEditorView.kt:195:5 'val' cannot be reassigned.
e: file:///home/runner/work/CodeLikeBastiMove/CodeLikeBastiMove/feature/soraeditor/src/main/kotlin/com/scto/codelikebastimove/feature/soraeditor/widget/SoraEditorView.kt:208:19 Unresolved reference 'isEnabled'.
e: file:///home/runner/work/CodeLikeBastiMove/CodeLikeBastiMove/feature/soraeditor/src/main/kotlin/com/scto/codelikebastimove/feature/soraeditor/widget/SoraEditorView.kt:211:19 Unresolved reference 'isEnabled'.
> Task :feature:soraeditor:compileDebugKotlin FAILED
[Incubating] Problems report is available at: file:///home/runner/work/CodeLikeBastiMove/CodeLikeBastiMove/build/reports/problems/problems-report.html
FAILURE: Build completed with 3 failures.
1: Task failed with an exception.
-----------
* What went wrong:
Execution failed for task ':feature:assetstudio:compileDebugKotlin'.
> A failure occurred while executing org.jetbrains.kotlin.compilerRunner.GradleCompilerRunnerWithWorkers$GradleKotlinCompilerWorkAction
   > Compilation error. See log for more details